<?xml version="1.0" encoding="UTF-8"?>
<!-- Generated by org.testng.reporters.JUnitXMLReporter -->
<testsuite ignored="0" hostname="ByteMe" failures="2" tests="8" name="TestSuite" time="56.459" errors="0" timestamp="2024-09-17T08:23:57 EDT">
  <testcase classname="automationproject.testcases.E2ETest1" name="purchasingProduct" time="5.014"/>
  <testcase classname="automationproject.testcases.E2ETest1" name="purchasingProduct" time="4.892"/>
  <testcase classname="automationproject.testcases.E2ETest1" name="orderHistory" time="1.08"/>
  <testcase classname="automationproject.testcases.E2ETest1" name="orderHistory" time="0.987"/>
  <testcase classname="automationproject.testcases.ErrorValidations" name="failedTestValidation" time="0.64">
    <failure type="java.lang.AssertionError" message="expected [Incorrect email or password.] but found [Incorrect email or passwor]">
      <![CDATA[java.lang.AssertionError: expected [Incorrect email or password.] but found [Incorrect email or passwor]
at automationproject.testcases.ErrorValidations.failedTestValidation(ErrorValidations.java:28)
at java.base/java.util.ArrayList.forEach(ArrayList.java:1597)
... Removed 31 stack frames]]>
    </failure>
  </testcase> <!-- failedTestValidation -->
  <testcase classname="automationproject.testcases.ErrorValidations" name="failedTestValidation" time="1.243">
    <failure type="java.lang.AssertionError" message="expected [Incorrect email or password.] but found [Incorrect email or passwor]">
      <![CDATA[java.lang.AssertionError: expected [Incorrect email or password.] but found [Incorrect email or passwor]
at automationproject.testcases.ErrorValidations.failedTestValidation(ErrorValidations.java:28)
at java.base/java.util.ArrayList.forEach(ArrayList.java:1597)
... Removed 31 stack frames]]>
    </failure>
  </testcase> <!-- failedTestValidation -->
  <testcase classname="automationproject.testcases.ErrorValidations" name="loginErrorValidation" time="1.314"/>
  <testcase classname="automationproject.testcases.ErrorValidations" name="loginErrorValidation" time="0.62"/>
</testsuite> <!-- TestSuite -->
