<?xml version="1.0" encoding="UTF-8"?>
<!-- Generated by org.testng.reporters.JUnitXMLReporter -->
<testsuite ignored="0" hostname="ByteMe" failures="2" tests="4" name="Error Validation Test" time="29.974" errors="0" timestamp="2024-09-16T19:14:01 EDT">
  <testcase classname="automationproject.testcases.ErrorValidations" name="failedTestValidation" time="0.533">
    <failure type="java.lang.AssertionError" message="expected [Incorrect email or password.] but found [Incorrect email or passwor]">
      <![CDATA[java.lang.AssertionError: expected [Incorrect email or password.] but found [Incorrect email or passwor]
at automationproject.testcases.ErrorValidations.failedTestValidation(ErrorValidations.java:28)
at java.base/java.util.ArrayList.forEach(ArrayList.java:1597)
at java.base/java.util.concurrent.FutureTask.run(FutureTask.java:317)
at java.base/java.util.concurrent.ThreadPoolExecutor.runWorker(ThreadPoolExecutor.java:1144)
at java.base/java.util.concurrent.ThreadPoolExecutor$Worker.run(ThreadPoolExecutor.java:642)
at java.base/java.lang.Thread.run(Thread.java:1570)
... Removed 21 stack frames]]>
    </failure>
  </testcase> <!-- failedTestValidation -->
  <testcase classname="automationproject.testcases.ErrorValidations" name="failedTestValidation" time="0.476">
    <failure type="java.lang.AssertionError" message="expected [Incorrect email or password.] but found [Incorrect email or passwor]">
      <![CDATA[java.lang.AssertionError: expected [Incorrect email or password.] but found [Incorrect email or passwor]
at automationproject.testcases.ErrorValidations.failedTestValidation(ErrorValidations.java:28)
at java.base/java.util.ArrayList.forEach(ArrayList.java:1597)
at java.base/java.util.concurrent.FutureTask.run(FutureTask.java:317)
at java.base/java.util.concurrent.ThreadPoolExecutor.runWorker(ThreadPoolExecutor.java:1144)
at java.base/java.util.concurrent.ThreadPoolExecutor$Worker.run(ThreadPoolExecutor.java:642)
at java.base/java.lang.Thread.run(Thread.java:1570)
... Removed 21 stack frames]]>
    </failure>
  </testcase> <!-- failedTestValidation -->
  <testcase classname="automationproject.testcases.ErrorValidations" name="loginErrorValidation" time="1.161"/>
  <testcase classname="automationproject.testcases.ErrorValidations" name="loginErrorValidation" time="0.6"/>
</testsuite> <!-- Error Validation Test -->
