<?xml version="1.0" encoding="UTF-8"?>
<testng-results ignored="0" total="8" passed="6" failed="2" skipped="0">
  <reporter-output>
  </reporter-output>
  <suite started-at="2024-09-17T08:25:04 EDT" name="Suite" finished-at="2024-09-17T08:26:00 EDT" duration-ms="56478">
    <groups>
    </groups>
    <test started-at="2024-09-17T08:25:04 EDT" name="TestSuite" finished-at="2024-09-17T08:26:00 EDT" duration-ms="56478">
      <class name="automationproject.testcases.E2ETest1">
        <test-method is-config="true" signature="launchApp()[pri:0, instance:automationproject.testcases.E2ETest1@4c163e3]" started-at="2024-09-17T08:25:04 EDT" name="launchApp" finished-at="2024-09-17T08:25:09 EDT" duration-ms="5210" status="PASS">
          <reporter-output>
          </reporter-output>
        </test-method> <!-- launchApp -->
        <test-method signature="purchasingProduct(java.util.HashMap)[pri:0, instance:automationproject.testcases.E2ETest1@4c163e3]" started-at="2024-09-17T08:25:09 EDT" name="purchasingProduct" data-provider="getData" finished-at="2024-09-17T08:25:14 EDT" duration-ms="5033" status="PASS">
          <params>
            <param index="0">
              <value>
                <![CDATA[{firstname=saravana, password=Qaz@1020, product=ZARA COAT 3, occupation=Engineer, mobile=1213456780, confirmpassword=Qaz@1020, email=saravanakumar@gmail.com, lastname=kumar}]]>
              </value>
            </param>
          </params>
          <reporter-output>
          </reporter-output>
        </test-method> <!-- purchasingProduct -->
        <test-method is-config="true" signature="tearDown()[pri:0, instance:automationproject.testcases.E2ETest1@4c163e3]" started-at="2024-09-17T08:25:14 EDT" name="tearDown" finished-at="2024-09-17T08:25:14 EDT" duration-ms="197" status="PASS">
          <reporter-output>
          </reporter-output>
        </test-method> <!-- tearDown -->
        <test-method is-config="true" signature="launchApp()[pri:0, instance:automationproject.testcases.E2ETest1@4c163e3]" started-at="2024-09-17T08:25:14 EDT" name="launchApp" finished-at="2024-09-17T08:25:19 EDT" duration-ms="5205" status="PASS">
          <reporter-output>
          </reporter-output>
        </test-method> <!-- launchApp -->
        <test-method signature="purchasingProduct(java.util.HashMap)[pri:0, instance:automationproject.testcases.E2ETest1@4c163e3]" started-at="2024-09-17T08:25:19 EDT" name="purchasingProduct" data-provider="getData" finished-at="2024-09-17T08:25:24 EDT" duration-ms="5084" status="PASS">
          <params>
            <param index="0">
              <value>
                <![CDATA[{firstname=john, password=Pwd@1234, product=ADIDAS ORIGINAL, occupation=Doctor, mobile=9876543210, confirmpassword=Pwd@1234, email=john.doe@example.com, lastname=doe}]]>
              </value>
            </param>
          </params>
          <reporter-output>
          </reporter-output>
        </test-method> <!-- purchasingProduct -->
        <test-method is-config="true" signature="tearDown()[pri:0, instance:automationproject.testcases.E2ETest1@4c163e3]" started-at="2024-09-17T08:25:24 EDT" name="tearDown" finished-at="2024-09-17T08:25:25 EDT" duration-ms="218" status="PASS">
          <reporter-output>
          </reporter-output>
        </test-method> <!-- tearDown -->
        <test-method is-config="true" signature="launchApp()[pri:0, instance:automationproject.testcases.E2ETest1@4c163e3]" started-at="2024-09-17T08:25:25 EDT" name="launchApp" finished-at="2024-09-17T08:25:29 EDT" duration-ms="4309" status="PASS">
          <reporter-output>
          </reporter-output>
        </test-method> <!-- launchApp -->
        <test-method signature="orderHistory(java.util.HashMap)[pri:0, instance:automationproject.testcases.E2ETest1@4c163e3]" started-at="2024-09-17T08:25:29 EDT" name="orderHistory" data-provider="getData" finished-at="2024-09-17T08:25:30 EDT" depends-on-methods="automationproject.testcases.E2ETest1.purchasingProduct" duration-ms="1075" status="PASS">
          <params>
            <param index="0">
              <value>
                <![CDATA[{firstname=saravana, password=Qaz@1020, product=ZARA COAT 3, occupation=Engineer, mobile=1213456780, confirmpassword=Qaz@1020, email=saravanakumar@gmail.com, lastname=kumar}]]>
              </value>
            </param>
          </params>
          <reporter-output>
          </reporter-output>
        </test-method> <!-- orderHistory -->
        <test-method is-config="true" signature="tearDown()[pri:0, instance:automationproject.testcases.E2ETest1@4c163e3]" started-at="2024-09-17T08:25:30 EDT" name="tearDown" finished-at="2024-09-17T08:25:32 EDT" duration-ms="1875" status="PASS">
          <reporter-output>
          </reporter-output>
        </test-method> <!-- tearDown -->
        <test-method is-config="true" signature="launchApp()[pri:0, instance:automationproject.testcases.E2ETest1@4c163e3]" started-at="2024-09-17T08:25:32 EDT" name="launchApp" finished-at="2024-09-17T08:25:36 EDT" duration-ms="3823" status="PASS">
          <reporter-output>
          </reporter-output>
        </test-method> <!-- launchApp -->
        <test-method signature="orderHistory(java.util.HashMap)[pri:0, instance:automationproject.testcases.E2ETest1@4c163e3]" started-at="2024-09-17T08:25:36 EDT" name="orderHistory" data-provider="getData" finished-at="2024-09-17T08:25:37 EDT" depends-on-methods="automationproject.testcases.E2ETest1.purchasingProduct" duration-ms="1007" status="PASS">
          <params>
            <param index="0">
              <value>
                <![CDATA[{firstname=john, password=Pwd@1234, product=ADIDAS ORIGINAL, occupation=Doctor, mobile=9876543210, confirmpassword=Pwd@1234, email=john.doe@example.com, lastname=doe}]]>
              </value>
            </param>
          </params>
          <reporter-output>
          </reporter-output>
        </test-method> <!-- orderHistory -->
        <test-method is-config="true" signature="tearDown()[pri:0, instance:automationproject.testcases.E2ETest1@4c163e3]" started-at="2024-09-17T08:25:37 EDT" name="tearDown" finished-at="2024-09-17T08:25:37 EDT" duration-ms="148" status="PASS">
          <reporter-output>
          </reporter-output>
        </test-method> <!-- tearDown -->
      </class> <!-- automationproject.testcases.E2ETest1 -->
      <class name="automationproject.testcases.ErrorValidations">
        <test-method is-config="true" signature="launchApp()[pri:0, instance:automationproject.testcases.ErrorValidations@17bffc17]" started-at="2024-09-17T08:25:37 EDT" name="launchApp" finished-at="2024-09-17T08:25:42 EDT" duration-ms="4978" status="PASS">
          <reporter-output>
          </reporter-output>
        </test-method> <!-- launchApp -->
        <test-method signature="failedTestValidation(java.util.HashMap)[pri:0, instance:automationproject.testcases.ErrorValidations@17bffc17]" started-at="2024-09-17T08:25:42 EDT" name="failedTestValidation" data-provider="getData" finished-at="2024-09-17T08:25:43 EDT" duration-ms="634" status="FAIL">
          <params>
            <param index="0">
              <value>
                <![CDATA[{password=Qaz@1020, email=saravaakumar@gmail.com}]]>
              </value>
            </param>
          </params>
          <exception class="java.lang.AssertionError">
            <message>
              <![CDATA[expected [Incorrect email or password.] but found [Incorrect email or passwor]]]>
            </message>
            <full-stacktrace>
              <![CDATA[java.lang.AssertionError: expected [Incorrect email or password.] but found [Incorrect email or passwor]
at org.testng.Assert.fail(Assert.java:110)
at org.testng.Assert.failNotEquals(Assert.java:1577)
at org.testng.Assert.assertEqualsImpl(Assert.java:149)
at org.testng.Assert.assertEquals(Assert.java:131)
at org.testng.Assert.assertEquals(Assert.java:655)
at org.testng.Assert.assertEquals(Assert.java:665)
at automationproject.testcases.ErrorValidations.failedTestValidation(ErrorValidations.java:28)
at java.base/jdk.internal.reflect.DirectMethodHandleAccessor.invoke(DirectMethodHandleAccessor.java:103)
at java.base/java.lang.reflect.Method.invoke(Method.java:580)
at org.testng.internal.invokers.MethodInvocationHelper.invokeMethod(MethodInvocationHelper.java:139)
at org.testng.internal.invokers.TestInvoker.invokeMethod(TestInvoker.java:677)
at org.testng.internal.invokers.TestInvoker.invokeTestMethod(TestInvoker.java:221)
at org.testng.internal.invokers.MethodRunner.runInSequence(MethodRunner.java:50)
at org.testng.internal.invokers.TestInvoker$MethodInvocationAgent.invoke(TestInvoker.java:969)
at org.testng.internal.invokers.TestInvoker.invokeTestMethods(TestInvoker.java:194)
at org.testng.internal.invokers.TestMethodWorker.invokeTestMethods(TestMethodWorker.java:148)
at org.testng.internal.invokers.TestMethodWorker.run(TestMethodWorker.java:128)
at java.base/java.util.ArrayList.forEach(ArrayList.java:1597)
at org.testng.TestRunner.privateRun(TestRunner.java:829)
at org.testng.TestRunner.run(TestRunner.java:602)
at org.testng.SuiteRunner.runTest(SuiteRunner.java:437)
at org.testng.SuiteRunner.runSequentially(SuiteRunner.java:431)
at org.testng.SuiteRunner.privateRun(SuiteRunner.java:391)
at org.testng.SuiteRunner.run(SuiteRunner.java:330)
at org.testng.SuiteRunnerWorker.runSuite(SuiteRunnerWorker.java:52)
at org.testng.SuiteRunnerWorker.run(SuiteRunnerWorker.java:95)
at org.testng.TestNG.runSuitesSequentially(TestNG.java:1256)
at org.testng.TestNG.runSuitesLocally(TestNG.java:1176)
at org.testng.TestNG.runSuites(TestNG.java:1099)
at org.testng.TestNG.run(TestNG.java:1067)
at org.apache.maven.surefire.testng.TestNGExecutor.run(TestNGExecutor.java:324)
at org.apache.maven.surefire.testng.TestNGXmlTestSuite.execute(TestNGXmlTestSuite.java:74)
at org.apache.maven.surefire.testng.TestNGProvider.invoke(TestNGProvider.java:123)
at org.apache.maven.surefire.booter.ForkedBooter.runSuitesInProcess(ForkedBooter.java:456)
at org.apache.maven.surefire.booter.ForkedBooter.execute(ForkedBooter.java:169)
at org.apache.maven.surefire.booter.ForkedBooter.run(ForkedBooter.java:595)
at org.apache.maven.surefire.booter.ForkedBooter.main(ForkedBooter.java:581)
]]>
            </full-stacktrace>
          </exception> <!-- java.lang.AssertionError -->
          <reporter-output>
          </reporter-output>
        </test-method> <!-- failedTestValidation -->
        <test-method is-config="true" signature="tearDown()[pri:0, instance:automationproject.testcases.ErrorValidations@17bffc17]" started-at="2024-09-17T08:25:43 EDT" name="tearDown" finished-at="2024-09-17T08:25:43 EDT" duration-ms="148" status="PASS">
          <reporter-output>
          </reporter-output>
        </test-method> <!-- tearDown -->
        <test-method is-config="true" signature="launchApp()[pri:0, instance:automationproject.testcases.ErrorValidations@17bffc17]" started-at="2024-09-17T08:25:43 EDT" name="launchApp" finished-at="2024-09-17T08:25:47 EDT" duration-ms="4292" status="PASS">
          <reporter-output>
          </reporter-output>
        </test-method> <!-- launchApp -->
        <test-method signature="failedTestValidation(java.util.HashMap)[pri:0, instance:automationproject.testcases.ErrorValidations@17bffc17]" started-at="2024-09-17T08:25:47 EDT" name="failedTestValidation" data-provider="getData" finished-at="2024-09-17T08:25:48 EDT" duration-ms="607" status="FAIL">
          <params>
            <param index="0">
              <value>
                <![CDATA[{password=Pwd@1234, email=john.ddoe@example.com}]]>
              </value>
            </param>
          </params>
          <exception class="java.lang.AssertionError">
            <message>
              <![CDATA[expected [Incorrect email or password.] but found [Incorrect email or passwor]]]>
            </message>
            <full-stacktrace>
              <![CDATA[java.lang.AssertionError: expected [Incorrect email or password.] but found [Incorrect email or passwor]
at org.testng.Assert.fail(Assert.java:110)
at org.testng.Assert.failNotEquals(Assert.java:1577)
at org.testng.Assert.assertEqualsImpl(Assert.java:149)
at org.testng.Assert.assertEquals(Assert.java:131)
at org.testng.Assert.assertEquals(Assert.java:655)
at org.testng.Assert.assertEquals(Assert.java:665)
at automationproject.testcases.ErrorValidations.failedTestValidation(ErrorValidations.java:28)
at java.base/jdk.internal.reflect.DirectMethodHandleAccessor.invoke(DirectMethodHandleAccessor.java:103)
at java.base/java.lang.reflect.Method.invoke(Method.java:580)
at org.testng.internal.invokers.MethodInvocationHelper.invokeMethod(MethodInvocationHelper.java:139)
at org.testng.internal.invokers.TestInvoker.invokeMethod(TestInvoker.java:677)
at org.testng.internal.invokers.TestInvoker.invokeTestMethod(TestInvoker.java:221)
at org.testng.internal.invokers.MethodRunner.runInSequence(MethodRunner.java:50)
at org.testng.internal.invokers.TestInvoker$MethodInvocationAgent.invoke(TestInvoker.java:969)
at org.testng.internal.invokers.TestInvoker.invokeTestMethods(TestInvoker.java:194)
at org.testng.internal.invokers.TestMethodWorker.invokeTestMethods(TestMethodWorker.java:148)
at org.testng.internal.invokers.TestMethodWorker.run(TestMethodWorker.java:128)
at java.base/java.util.ArrayList.forEach(ArrayList.java:1597)
at org.testng.TestRunner.privateRun(TestRunner.java:829)
at org.testng.TestRunner.run(TestRunner.java:602)
at org.testng.SuiteRunner.runTest(SuiteRunner.java:437)
at org.testng.SuiteRunner.runSequentially(SuiteRunner.java:431)
at org.testng.SuiteRunner.privateRun(SuiteRunner.java:391)
at org.testng.SuiteRunner.run(SuiteRunner.java:330)
at org.testng.SuiteRunnerWorker.runSuite(SuiteRunnerWorker.java:52)
at org.testng.SuiteRunnerWorker.run(SuiteRunnerWorker.java:95)
at org.testng.TestNG.runSuitesSequentially(TestNG.java:1256)
at org.testng.TestNG.runSuitesLocally(TestNG.java:1176)
at org.testng.TestNG.runSuites(TestNG.java:1099)
at org.testng.TestNG.run(TestNG.java:1067)
at org.apache.maven.surefire.testng.TestNGExecutor.run(TestNGExecutor.java:324)
at org.apache.maven.surefire.testng.TestNGXmlTestSuite.execute(TestNGXmlTestSuite.java:74)
at org.apache.maven.surefire.testng.TestNGProvider.invoke(TestNGProvider.java:123)
at org.apache.maven.surefire.booter.ForkedBooter.runSuitesInProcess(ForkedBooter.java:456)
at org.apache.maven.surefire.booter.ForkedBooter.execute(ForkedBooter.java:169)
at org.apache.maven.surefire.booter.ForkedBooter.run(ForkedBooter.java:595)
at org.apache.maven.surefire.booter.ForkedBooter.main(ForkedBooter.java:581)
]]>
            </full-stacktrace>
          </exception> <!-- java.lang.AssertionError -->
          <reporter-output>
          </reporter-output>
        </test-method> <!-- failedTestValidation -->
        <test-method is-config="true" signature="tearDown()[pri:0, instance:automationproject.testcases.ErrorValidations@17bffc17]" started-at="2024-09-17T08:25:48 EDT" name="tearDown" finished-at="2024-09-17T08:25:48 EDT" duration-ms="144" status="PASS">
          <reporter-output>
          </reporter-output>
        </test-method> <!-- tearDown -->
        <test-method is-config="true" signature="launchApp()[pri:0, instance:automationproject.testcases.ErrorValidations@17bffc17]" started-at="2024-09-17T08:25:48 EDT" name="launchApp" finished-at="2024-09-17T08:25:53 EDT" duration-ms="4710" status="PASS">
          <reporter-output>
          </reporter-output>
        </test-method> <!-- launchApp -->
        <test-method signature="loginErrorValidation(java.util.HashMap)[pri:0, instance:automationproject.testcases.ErrorValidations@17bffc17]" started-at="2024-09-17T08:25:53 EDT" name="loginErrorValidation" data-provider="getData" finished-at="2024-09-17T08:25:54 EDT" duration-ms="1114" status="PASS">
          <params>
            <param index="0">
              <value>
                <![CDATA[{password=Qaz@1020, email=saravaakumar@gmail.com}]]>
              </value>
            </param>
          </params>
          <reporter-output>
          </reporter-output>
        </test-method> <!-- loginErrorValidation -->
        <test-method is-config="true" signature="tearDown()[pri:0, instance:automationproject.testcases.ErrorValidations@17bffc17]" started-at="2024-09-17T08:25:54 EDT" name="tearDown" finished-at="2024-09-17T08:25:54 EDT" duration-ms="160" status="PASS">
          <reporter-output>
          </reporter-output>
        </test-method> <!-- tearDown -->
        <test-method is-config="true" signature="launchApp()[pri:0, instance:automationproject.testcases.ErrorValidations@17bffc17]" started-at="2024-09-17T08:25:54 EDT" name="launchApp" finished-at="2024-09-17T08:25:59 EDT" duration-ms="4854" status="PASS">
          <reporter-output>
          </reporter-output>
        </test-method> <!-- launchApp -->
        <test-method signature="loginErrorValidation(java.util.HashMap)[pri:0, instance:automationproject.testcases.ErrorValidations@17bffc17]" started-at="2024-09-17T08:25:59 EDT" name="loginErrorValidation" data-provider="getData" finished-at="2024-09-17T08:26:00 EDT" duration-ms="719" status="PASS">
          <params>
            <param index="0">
              <value>
                <![CDATA[{password=Pwd@1234, email=john.ddoe@example.com}]]>
              </value>
            </param>
          </params>
          <reporter-output>
          </reporter-output>
        </test-method> <!-- loginErrorValidation -->
        <test-method is-config="true" signature="tearDown()[pri:0, instance:automationproject.testcases.ErrorValidations@17bffc17]" started-at="2024-09-17T08:26:00 EDT" name="tearDown" finished-at="2024-09-17T08:26:00 EDT" duration-ms="142" status="PASS">
          <reporter-output>
          </reporter-output>
        </test-method> <!-- tearDown -->
      </class> <!-- automationproject.testcases.ErrorValidations -->
    </test> <!-- TestSuite -->
  </suite> <!-- Suite -->
</testng-results>
